This file contains any messages produced by compilers while
running configure, to aid debugging if configure makes a mistake.

It was created by libssd1306 configure 0.8, which was
generated by GNU Autoconf 2.69.  Invocation command line was

  $ ./configure 

## --------- ##
## Platform. ##
## --------- ##

hostname = raspberrypi
uname -m = armv7l
uname -r = 5.15.76-v7+
uname -s = Linux
uname -v = #1596 SMP Mon Oct 31 17:08:20 GMT 2022

/usr/bin/uname -p = unknown
/bin/uname -X     = unknown

/bin/arch              = armv7l
/usr/bin/arch -k       = unknown
/usr/convex/getsysinfo = unknown
/usr/bin/hostinfo      = unknown
/bin/machine           = unknown
/usr/bin/oslevel       = unknown
/bin/universe          = unknown

PATH: /usr/local/sbin
PATH: /usr/local/bin
PATH: /usr/sbin
PATH: /usr/bin
PATH: /sbin
PATH: /bin
PATH: /usr/local/games
PATH: /usr/games


## ----------- ##
## Core tests. ##
## ----------- ##

configure:2549: checking for a BSD-compatible install
configure:2617: result: /usr/bin/install -c
configure:2628: checking whether build environment is sane
configure:2683: result: yes
configure:2832: checking for a thread-safe mkdir -p
configure:2871: result: /usr/bin/mkdir -p
configure:2878: checking for gawk
configure:2908: result: no
configure:2878: checking for mawk
configure:2894: found /usr/bin/mawk
configure:2905: result: mawk
configure:2916: checking whether make sets $(MAKE)
configure:2938: result: yes
configure:2967: checking whether make supports nested variables
configure:2984: result: yes
configure:3169: checking for gcc
configure:3185: found /usr/bin/gcc
configure:3196: result: gcc
configure:3425: checking for C compiler version
configure:3434: gcc --version >&5
gcc (Raspbian 8.3.0-6+rpi1) 8.3.0
Copyright (C) 2018 Free Software Foundation, Inc.
This is free software; see the source for copying conditions.  There is NO
warranty; not even for MERCHANTABILITY or FITNESS FOR A PARTICULAR PURPOSE.

configure:3445: $? = 0
configure:3434: gcc -v >&5
Using built-in specs.
COLLECT_GCC=gcc
COLLECT_LTO_WRAPPER=/usr/lib/gcc/arm-linux-gnueabihf/8/lto-wrapper
Target: arm-linux-gnueabihf
Configured with: ../src/configure -v --with-pkgversion='Raspbian 8.3.0-6+rpi1' --with-bugurl=file:///usr/share/doc/gcc-8/README.Bugs --enable-languages=c,ada,c++,go,d,fortran,objc,obj-c++ --prefix=/usr --with-gcc-major-version-only --program-suffix=-8 --program-prefix=arm-linux-gnueabihf- --enable-shared --enable-linker-build-id --libexecdir=/usr/lib --without-included-gettext --enable-threads=posix --libdir=/usr/lib --enable-nls --enable-bootstrap --enable-clocale=gnu --enable-libstdcxx-debug --enable-libstdcxx-time=yes --with-default-libstdcxx-abi=new --enable-gnu-unique-object --disable-libitm --disable-libquadmath --disable-libquadmath-support --enable-plugin --with-system-zlib --with-target-system-zlib --enable-objc-gc=auto --enable-multiarch --disable-sjlj-exceptions --with-arch=armv6 --with-fpu=vfp --with-float=hard --disable-werror --enable-checking=release --build=arm-linux-gnueabihf --host=arm-linux-gnueabihf --target=arm-linux-gnueabihf
Thread model: posix
gcc version 8.3.0 (Raspbian 8.3.0-6+rpi1) 
configure:3445: $? = 0
configure:3434: gcc -V >&5
gcc: error: unrecognized command line option '-V'
gcc: fatal error: no input files
compilation terminated.
configure:3445: $? = 1
configure:3434: gcc -qversion >&5
gcc: error: unrecognized command line option '-qversion'; did you mean '--version'?
gcc: fatal error: no input files
compilation terminated.
configure:3445: $? = 1
configure:3465: checking whether the C compiler works
configure:3487: gcc    conftest.c  >&5
configure:3491: $? = 0
configure:3539: result: yes
configure:3542: checking for C compiler default output file name
configure:3544: result: a.out
configure:3550: checking for suffix of executables
configure:3557: gcc -o conftest    conftest.c  >&5
configure:3561: $? = 0
configure:3583: result: 
configure:3605: checking whether we are cross compiling
configure:3613: gcc -o conftest    conftest.c  >&5
configure:3617: $? = 0
configure:3624: ./conftest
configure:3628: $? = 0
configure:3616: result: no
configure:3621: checking for suffix of object files
configure:3643: gcc -c   conftest.c >&5
configure:3647: $? = 0
configure:3668: result: o
configure:3672: checking whether we are using the GNU C compiler
configure:3691: gcc -c   conftest.c >&5
configure:3691: $? = 0
configure:3700: result: yes
configure:3709: checking whether gcc accepts -g
configure:3729: gcc -c -g  conftest.c >&5
configure:3729: $? = 0
configure:3770: result: yes
configure:3787: checking for gcc option to accept ISO C89
configure:3850: gcc  -c -g -O2  conftest.c >&5
configure:3850: $? = 0
configure:3863: result: none needed
configure:3888: checking whether gcc understands -c and -o together
configure:3910: gcc -c conftest.c -o conftest2.o
configure:3913: $? = 0
configure:3910: gcc -c conftest.c -o conftest2.o
configure:3913: $? = 0
configure:3925: result: yes
configure:3945: checking whether make supports the include directive
configure:3960: make -f confmf.GNU && cat confinc.out
this is the am__doit target
configure:3963: $? = 0
configure:3982: result: yes (GNU style)
configure:4007: checking dependency style of gcc
configure:4118: result: gcc3
configure:4163: checking build system type
configure:4177: result: armv7l-unknown-linux-gnueabihf
configure:4197: checking host system type
configure:4210: result: armv7l-unknown-linux-gnueabihf
configure:4251: checking how to print strings
configure:4278: result: printf
configure:4299: checking for a sed that does not truncate output
configure:4363: result: /usr/bin/sed
configure:4381: checking for grep that handles long lines and -e
configure:4439: result: /usr/bin/grep
configure:4444: checking for egrep
configure:4506: result: /usr/bin/grep -E
configure:4511: checking for fgrep
configure:4573: result: /usr/bin/grep -F
configure:4608: checking for ld used by gcc
configure:4675: result: /usr/bin/ld
configure:4682: checking if the linker (/usr/bin/ld) is GNU ld
configure:4697: result: yes
configure:4709: checking for BSD- or MS-compatible name lister (nm)
configure:4763: result: /usr/bin/nm -B
configure:4893: checking the name lister (/usr/bin/nm -B) interface
configure:4900: gcc -c -g -O2  conftest.c >&5
configure:4903: /usr/bin/nm -B "conftest.o"
configure:4906: output
00000000 B some_variable
configure:4907: result: BSD nm
configure:4910: checking whether ln -s works
configure:4914: result: yes
configure:4922: checking the maximum length of command line arguments
configure:5053: result: 1572864
configure:5101: checking how to convert armv7l-unknown-linux-gnueabihf file names to armv7l-unknown-linux-gnueabihf format
configure:5141: result: func_convert_file_noop
configure:5148: checking how to convert armv7l-unknown-linux-gnueabihf file names to toolchain format
configure:5168: result: func_convert_file_noop
configure:5175: checking for /usr/bin/ld option to reload object files
configure:5182: result: -r
configure:5256: checking for objdump
configure:5272: found /usr/bin/objdump
configure:5283: result: objdump
configure:5315: checking how to recognize dependent libraries
configure:5515: result: pass_all
configure:5600: checking for dlltool
configure:5630: result: no
configure:5660: checking how to associate runtime and link libraries
configure:5687: result: printf %s\n
configure:5748: checking for ar
configure:5764: found /usr/bin/ar
configure:5775: result: ar
configure:5812: checking for archiver @FILE support
configure:5829: gcc -c -g -O2  conftest.c >&5
configure:5829: $? = 0
configure:5832: ar cru libconftest.a @conftest.lst >&5
ar: `u' modifier ignored since `D' is the default (see `U')
configure:5835: $? = 0
configure:5840: ar cru libconftest.a @conftest.lst >&5
ar: `u' modifier ignored since `D' is the default (see `U')
ar: conftest.o: No such file or directory
configure:5843: $? = 1
configure:5842: result: @
configure:5900: checking for strip
configure:5916: found /usr/bin/strip
configure:5927: result: strip
configure:5999: checking for ranlib
configure:6015: found /usr/bin/ranlib
configure:6026: result: ranlib
configure:6128: checking command to parse /usr/bin/nm -B output from gcc object
configure:6281: gcc -c -g -O2  conftest.c >&5
configure:6284: $? = 0
configure:6288: /usr/bin/nm -B conftest.o | sed -n -e 's/^.*[	 ]\([ABCDGIRSTW][ABCDGIRSTW]*\)[	 ][	 ]*\([_A-Za-z][_A-Za-z0-9]*\)$/\1 \2 \2/p' | sed '/ __gnu_lto/d' > conftest.nm
configure:6354: gcc -o conftest -g -O2   conftest.c conftstm.o >&5
configure:6357: $? = 0
configure:6395: result: ok
configure:6442: checking for sysroot
configure:6472: result: no
configure:6479: checking for a working dd
configure:6517: result: /usr/bin/dd
configure:6521: checking how to truncate binary pipes
configure:6536: result: /usr/bin/dd bs=4096 count=1
configure:6865: checking for mt
configure:6881: found /usr/bin/mt
configure:6892: result: mt
configure:6915: checking if mt is a manifest tool
configure:6921: mt '-?'
configure:6929: result: no
configure:7606: checking how to run the C preprocessor
configure:7637: gcc -E  conftest.c
configure:7637: $? = 0
configure:7651: gcc -E  conftest.c
conftest.c:11:10: fatal error: ac_nonexistent.h: No such file or directory
 #include <ac_nonexistent.h>
          ^~~~~~~~~~~~~~~~~~
compilation terminated.
configure:7651: $? = 1
configure: failed program was:
| /* confdefs.h */
| #define PACKAGE_NAME "libssd1306"
| #define PACKAGE_TARNAME "libssd1306"
| #define PACKAGE_VERSION "0.8"
| #define PACKAGE_STRING "libssd1306 0.8"
| #define PACKAGE_BUGREPORT "github@stealthylabs.com"
| #define PACKAGE_URL ""
| #define PACKAGE "libssd1306"
| #define VERSION "0.8"
| /* end confdefs.h.  */
| #include <ac_nonexistent.h>
configure:7676: result: gcc -E
configure:7696: gcc -E  conftest.c
configure:7696: $? = 0
configure:7710: gcc -E  conftest.c
conftest.c:11:10: fatal error: ac_nonexistent.h: No such file or directory
 #include <ac_nonexistent.h>
          ^~~~~~~~~~~~~~~~~~
compilation terminated.
configure:7710: $? = 1
configure: failed program was:
| /* confdefs.h */
| #define PACKAGE_NAME "libssd1306"
| #define PACKAGE_TARNAME "libssd1306"
| #define PACKAGE_VERSION "0.8"
| #define PACKAGE_STRING "libssd1306 0.8"
| #define PACKAGE_BUGREPORT "github@stealthylabs.com"
| #define PACKAGE_URL ""
| #define PACKAGE "libssd1306"
| #define VERSION "0.8"
| /* end confdefs.h.  */
| #include <ac_nonexistent.h>
configure:7739: checking for ANSI C header files
configure:7759: gcc -c -g -O2  conftest.c >&5
configure:7759: $? = 0
configure:7832: gcc -o conftest -g -O2   conftest.c  >&5
configure:7832: $? = 0
configure:7832: ./conftest
configure:7832: $? = 0
configure:7843: result: yes
configure:7856: checking for sys/types.h
configure:7856: gcc -c -g -O2  conftest.c >&5
configure:7856: $? = 0
configure:7856: result: yes
configure:7856: checking for sys/stat.h
configure:7856: gcc -c -g -O2  conftest.c >&5
configure:7856: $? = 0
configure:7856: result: yes
configure:7856: checking for stdlib.h
configure:7856: gcc -c -g -O2  conftest.c >&5
configure:7856: $? = 0
configure:7856: result: yes
configure:7856: checking for string.h
configure:7856: gcc -c -g -O2  conftest.c >&5
configure:7856: $? = 0
configure:7856: result: yes
configure:7856: checking for memory.h
configure:7856: gcc -c -g -O2  conftest.c >&5
configure:7856: $? = 0
configure:7856: result: yes
configure:7856: checking for strings.h
configure:7856: gcc -c -g -O2  conftest.c >&5
configure:7856: $? = 0
configure:7856: result: yes
configure:7856: checking for inttypes.h
configure:7856: gcc -c -g -O2  conftest.c >&5
configure:7856: $? = 0
configure:7856: result: yes
configure:7856: checking for stdint.h
configure:7856: gcc -c -g -O2  conftest.c >&5
configure:7856: $? = 0
configure:7856: result: yes
configure:7856: checking for unistd.h
configure:7856: gcc -c -g -O2  conftest.c >&5
configure:7856: $? = 0
configure:7856: result: yes
configure:7870: checking for dlfcn.h
configure:7870: gcc -c -g -O2  conftest.c >&5
configure:7870: $? = 0
configure:7870: result: yes
configure:8124: checking for objdir
configure:8139: result: .libs
configure:8403: checking if gcc supports -fno-rtti -fno-exceptions
configure:8421: gcc -c -g -O2  -fno-rtti -fno-exceptions conftest.c >&5
cc1: warning: command line option '-fno-rtti' is valid for C++/ObjC++ but not for C
configure:8425: $? = 0
configure:8438: result: no
configure:8796: checking for gcc option to produce PIC
configure:8803: result: -fPIC -DPIC
configure:8811: checking if gcc PIC flag -fPIC -DPIC works
configure:8829: gcc -c -g -O2  -fPIC -DPIC -DPIC conftest.c >&5
configure:8833: $? = 0
configure:8846: result: yes
configure:8875: checking if gcc static flag -static works
configure:8903: result: yes
configure:8918: checking if gcc supports -c -o file.o
configure:8939: gcc -c -g -O2  -o out/conftest2.o conftest.c >&5
configure:8943: $? = 0
configure:8965: result: yes
configure:8973: checking if gcc supports -c -o file.o
configure:9020: result: yes
configure:9053: checking whether the gcc linker (/usr/bin/ld) supports shared libraries
configure:10316: result: yes
configure:10353: checking whether -lc should be explicitly linked in
configure:10361: gcc -c -g -O2  conftest.c >&5
configure:10364: $? = 0
configure:10379: gcc -shared  -fPIC -DPIC conftest.o  -v -Wl,-soname -Wl,conftest -o conftest 2\>\&1 \| /usr/bin/grep  -lc  \>/dev/null 2\>\&1
configure:10382: $? = 0
configure:10396: result: no
configure:10556: checking dynamic linker characteristics
configure:11137: gcc -o conftest -g -O2   -Wl,-rpath -Wl,/foo conftest.c  >&5
configure:11137: $? = 0
configure:11386: result: GNU/Linux ld.so
configure:11508: checking how to hardcode library paths into programs
configure:11533: result: immediate
configure:12081: checking whether stripping libraries is possible
configure:12086: result: yes
configure:12121: checking if libtool supports shared libraries
configure:12123: result: yes
configure:12126: checking whether to build shared libraries
configure:12151: result: yes
configure:12154: checking whether to build static libraries
configure:12158: result: no
configure:9034: checking for sys/wait.h that is POSIX.1 compatible
configure:9060: gcc -c   conftest.c >&5
configure:9060: $? = 0
configure:9067: result: yes
configure:9075: checking whether time.h and sys/time.h may both be included
configure:9095: gcc -c   conftest.c >&5
configure:9095: $? = 0
configure:9102: result: yes
configure:9110: checking for ANSI C header files
configure:9214: result: yes
configure:9225: checking errno.h usability
configure:9225: gcc -c   conftest.c >&5
configure:9225: $? = 0
configure:9225: result: yes
configure:9225: checking errno.h presence
configure:9225: gcc -E  conftest.c
configure:9225: $? = 0
configure:9225: result: yes
configure:9225: checking for errno.h
configure:9225: result: yes
configure:9225: checking features.h usability
configure:9225: gcc -c   conftest.c >&5
configure:9225: $? = 0
configure:9225: result: yes
configure:9225: checking features.h presence
configure:9225: gcc -E  conftest.c
configure:9225: $? = 0
configure:9225: result: yes
configure:9225: checking for features.h
configure:9225: result: yes
configure:9225: checking fcntl.h usability
configure:9225: gcc -c   conftest.c >&5
configure:9225: $? = 0
configure:9225: result: yes
configure:9225: checking fcntl.h presence
configure:9225: gcc -E  conftest.c
configure:9225: $? = 0
configure:9225: result: yes
configure:9225: checking for fcntl.h
configure:9225: result: yes
configure:9225: checking for inttypes.h
configure:9225: result: yes
configure:9225: checking math.h usability
configure:9225: gcc -c   conftest.c >&5
configure:9225: $? = 0
configure:9225: result: yes
configure:9225: checking math.h presence
configure:9225: gcc -E  conftest.c
configure:9225: $? = 0
configure:9225: result: yes
configure:9225: checking for math.h
configure:9225: result: yes
configure:9238: checking sys/ioctl.h usability
configure:9238: gcc -c   conftest.c >&5
configure:9238: $? = 0
configure:9238: result: yes
configure:9238: checking sys/ioctl.h presence
configure:9238: gcc -E  conftest.c
configure:9238: $? = 0
configure:9238: result: yes
configure:9238: checking for sys/ioctl.h
configure:9238: result: yes
configure:9238: checking for unistd.h
configure:9238: result: yes
configure:9238: checking stdio.h usability
configure:9238: gcc -c   conftest.c >&5
configure:9238: $? = 0
configure:9238: result: yes
configure:9238: checking stdio.h presence
configure:9238: gcc -E  conftest.c
configure:9238: $? = 0
configure:9238: result: yes
configure:9238: checking for stdio.h
configure:9238: result: yes
configure:9238: checking linux/i2c-dev.h usability
configure:9238: gcc -c   conftest.c >&5
configure:9238: $? = 0
configure:9238: result: yes
configure:9238: checking linux/i2c-dev.h presence
configure:9238: gcc -E  conftest.c
configure:9238: $? = 0
configure:9238: result: yes
configure:9238: checking for linux/i2c-dev.h
configure:9238: result: yes
configure:9238: checking ctype.h usability
configure:9238: gcc -c   conftest.c >&5
configure:9238: $? = 0
configure:9238: result: yes
configure:9238: checking ctype.h presence
configure:9238: gcc -E  conftest.c
configure:9238: $? = 0
configure:9238: result: yes
configure:9238: checking for ctype.h
configure:9238: result: yes
configure:9238: checking for sys/stat.h
configure:9238: result: yes
configure:9238: checking for sys/types.h
configure:9238: result: yes
configure:9250: checking for size_t
configure:9250: gcc -c   conftest.c >&5
configure:9250: $? = 0
configure:9250: gcc -c   conftest.c >&5
conftest.c: In function 'main':
conftest.c:74:21: error: expected expression before ')' token
 if (sizeof ((size_t)))
                     ^
configure:9250: $? = 1
configure: failed program was:
| /* confdefs.h */
| #define PACKAGE_NAME "libssd1306"
| #define PACKAGE_TARNAME "libssd1306"
| #define PACKAGE_VERSION "0.8"
| #define PACKAGE_STRING "libssd1306 0.8"
| #define PACKAGE_BUGREPORT "github@stealthylabs.com"
| #define PACKAGE_URL ""
| #define PACKAGE "libssd1306"
| #define VERSION "0.8"
| #define STDC_HEADERS 1
| #define HAVE_SYS_TYPES_H 1
| #define HAVE_SYS_STAT_H 1
| #define HAVE_STDLIB_H 1
| #define HAVE_STRING_H 1
| #define HAVE_MEMORY_H 1
| #define HAVE_STRINGS_H 1
| #define HAVE_INTTYPES_H 1
| #define HAVE_STDINT_H 1
| #define HAVE_UNISTD_H 1
| #define HAVE_DLFCN_H 1
| #define LT_OBJDIR ".libs/"
| #define HAVE_SYS_WAIT_H 1
| #define TIME_WITH_SYS_TIME 1
| #define STDC_HEADERS 1
| #define HAVE_ERRNO_H 1
| #define HAVE_FEATURES_H 1
| #define HAVE_FCNTL_H 1
| #define HAVE_INTTYPES_H 1
| #define HAVE_MATH_H 1
| #define HAVE_SYS_IOCTL_H 1
| #define HAVE_UNISTD_H 1
| #define HAVE_STDIO_H 1
| #define HAVE_LINUX_I2C_DEV_H 1
| #define HAVE_CTYPE_H 1
| #define HAVE_SYS_STAT_H 1
| #define HAVE_SYS_TYPES_H 1
| /* end confdefs.h.  */
| #include <stdio.h>
| #ifdef HAVE_SYS_TYPES_H
| # include <sys/types.h>
| #endif
| #ifdef HAVE_SYS_STAT_H
| # include <sys/stat.h>
| #endif
| #ifdef STDC_HEADERS
| # include <stdlib.h>
| # include <stddef.h>
| #else
| # ifdef HAVE_STDLIB_H
| #  include <stdlib.h>
| # endif
| #endif
| #ifdef HAVE_STRING_H
| # if !defined STDC_HEADERS && defined HAVE_MEMORY_H
| #  include <memory.h>
| # endif
| # include <string.h>
| #endif
| #ifdef HAVE_STRINGS_H
| # include <strings.h>
| #endif
| #ifdef HAVE_INTTYPES_H
| # include <inttypes.h>
| #endif
| #ifdef HAVE_STDINT_H
| # include <stdint.h>
| #endif
| #ifdef HAVE_UNISTD_H
| # include <unistd.h>
| #endif
| int
| main ()
| {
| if (sizeof ((size_t)))
| 	    return 0;
|   ;
|   return 0;
| }
configure:9250: result: yes
configure:9261: checking for ssize_t
configure:9261: gcc -c   conftest.c >&5
configure:9261: $? = 0
configure:9261: gcc -c   conftest.c >&5
conftest.c: In function 'main':
conftest.c:74:22: error: expected expression before ')' token
 if (sizeof ((ssize_t)))
                      ^
configure:9261: $? = 1
configure: failed program was:
| /* confdefs.h */
| #define PACKAGE_NAME "libssd1306"
| #define PACKAGE_TARNAME "libssd1306"
| #define PACKAGE_VERSION "0.8"
| #define PACKAGE_STRING "libssd1306 0.8"
| #define PACKAGE_BUGREPORT "github@stealthylabs.com"
| #define PACKAGE_URL ""
| #define PACKAGE "libssd1306"
| #define VERSION "0.8"
| #define STDC_HEADERS 1
| #define HAVE_SYS_TYPES_H 1
| #define HAVE_SYS_STAT_H 1
| #define HAVE_STDLIB_H 1
| #define HAVE_STRING_H 1
| #define HAVE_MEMORY_H 1
| #define HAVE_STRINGS_H 1
| #define HAVE_INTTYPES_H 1
| #define HAVE_STDINT_H 1
| #define HAVE_UNISTD_H 1
| #define HAVE_DLFCN_H 1
| #define LT_OBJDIR ".libs/"
| #define HAVE_SYS_WAIT_H 1
| #define TIME_WITH_SYS_TIME 1
| #define STDC_HEADERS 1
| #define HAVE_ERRNO_H 1
| #define HAVE_FEATURES_H 1
| #define HAVE_FCNTL_H 1
| #define HAVE_INTTYPES_H 1
| #define HAVE_MATH_H 1
| #define HAVE_SYS_IOCTL_H 1
| #define HAVE_UNISTD_H 1
| #define HAVE_STDIO_H 1
| #define HAVE_LINUX_I2C_DEV_H 1
| #define HAVE_CTYPE_H 1
| #define HAVE_SYS_STAT_H 1
| #define HAVE_SYS_TYPES_H 1
| /* end confdefs.h.  */
| #include <stdio.h>
| #ifdef HAVE_SYS_TYPES_H
| # include <sys/types.h>
| #endif
| #ifdef HAVE_SYS_STAT_H
| # include <sys/stat.h>
| #endif
| #ifdef STDC_HEADERS
| # include <stdlib.h>
| # include <stddef.h>
| #else
| # ifdef HAVE_STDLIB_H
| #  include <stdlib.h>
| # endif
| #endif
| #ifdef HAVE_STRING_H
| # if !defined STDC_HEADERS && defined HAVE_MEMORY_H
| #  include <memory.h>
| # endif
| # include <string.h>
| #endif
| #ifdef HAVE_STRINGS_H
| # include <strings.h>
| #endif
| #ifdef HAVE_INTTYPES_H
| # include <inttypes.h>
| #endif
| #ifdef HAVE_STDINT_H
| # include <stdint.h>
| #endif
| #ifdef HAVE_UNISTD_H
| # include <unistd.h>
| #endif
| int
| main ()
| {
| if (sizeof ((ssize_t)))
| 	    return 0;
|   ;
|   return 0;
| }
configure:9261: result: yes
configure:9272: checking for uint64_t
configure:9272: gcc -c   conftest.c >&5
configure:9272: $? = 0
configure:9272: result: yes
configure:9286: checking for int64_t
configure:9286: gcc -c   conftest.c >&5
configure:9286: $? = 0
configure:9286: gcc -c   conftest.c >&5
conftest.c: In function 'main':
conftest.c:76:53: warning: integer overflow in expression of type 'long long int' results in '-9223372036854775808' [-Woverflow]
    < (int64_t) (((((int64_t) 1 << N) << N) - 1) * 2 + 2))];
                                                     ^
conftest.c:75:12: error: storage size of 'test_array' isn't constant
 static int test_array [1 - 2 * !((int64_t) (((((int64_t) 1 << N) << N) - 1) * 2 + 1)
            ^~~~~~~~~~
configure:9286: $? = 1
configure: failed program was:
| /* confdefs.h */
| #define PACKAGE_NAME "libssd1306"
| #define PACKAGE_TARNAME "libssd1306"
| #define PACKAGE_VERSION "0.8"
| #define PACKAGE_STRING "libssd1306 0.8"
| #define PACKAGE_BUGREPORT "github@stealthylabs.com"
| #define PACKAGE_URL ""
| #define PACKAGE "libssd1306"
| #define VERSION "0.8"
| #define STDC_HEADERS 1
| #define HAVE_SYS_TYPES_H 1
| #define HAVE_SYS_STAT_H 1
| #define HAVE_STDLIB_H 1
| #define HAVE_STRING_H 1
| #define HAVE_MEMORY_H 1
| #define HAVE_STRINGS_H 1
| #define HAVE_INTTYPES_H 1
| #define HAVE_STDINT_H 1
| #define HAVE_UNISTD_H 1
| #define HAVE_DLFCN_H 1
| #define LT_OBJDIR ".libs/"
| #define HAVE_SYS_WAIT_H 1
| #define TIME_WITH_SYS_TIME 1
| #define STDC_HEADERS 1
| #define HAVE_ERRNO_H 1
| #define HAVE_FEATURES_H 1
| #define HAVE_FCNTL_H 1
| #define HAVE_INTTYPES_H 1
| #define HAVE_MATH_H 1
| #define HAVE_SYS_IOCTL_H 1
| #define HAVE_UNISTD_H 1
| #define HAVE_STDIO_H 1
| #define HAVE_LINUX_I2C_DEV_H 1
| #define HAVE_CTYPE_H 1
| #define HAVE_SYS_STAT_H 1
| #define HAVE_SYS_TYPES_H 1
| /* end confdefs.h.  */
| #include <stdio.h>
| #ifdef HAVE_SYS_TYPES_H
| # include <sys/types.h>
| #endif
| #ifdef HAVE_SYS_STAT_H
| # include <sys/stat.h>
| #endif
| #ifdef STDC_HEADERS
| # include <stdlib.h>
| # include <stddef.h>
| #else
| # ifdef HAVE_STDLIB_H
| #  include <stdlib.h>
| # endif
| #endif
| #ifdef HAVE_STRING_H
| # if !defined STDC_HEADERS && defined HAVE_MEMORY_H
| #  include <memory.h>
| # endif
| # include <string.h>
| #endif
| #ifdef HAVE_STRINGS_H
| # include <strings.h>
| #endif
| #ifdef HAVE_INTTYPES_H
| # include <inttypes.h>
| #endif
| #ifdef HAVE_STDINT_H
| # include <stdint.h>
| #endif
| #ifdef HAVE_UNISTD_H
| # include <unistd.h>
| #endif
| 	        enum { N = 64 / 2 - 1 };
| int
| main ()
| {
| static int test_array [1 - 2 * !((int64_t) (((((int64_t) 1 << N) << N) - 1) * 2 + 1)
| 		 < (int64_t) (((((int64_t) 1 << N) << N) - 1) * 2 + 2))];
| test_array [0] = 0;
| return test_array [0];
| 
|   ;
|   return 0;
| }
configure:9286: result: yes
configure:9297: checking for uint32_t
configure:9297: gcc -c   conftest.c >&5
configure:9297: $? = 0
configure:9297: result: yes
configure:9311: checking for int32_t
configure:9311: gcc -c   conftest.c >&5
configure:9311: $? = 0
configure:9311: gcc -c   conftest.c >&5
conftest.c: In function 'main':
conftest.c:76:53: warning: integer overflow in expression of type 'int' results in '-2147483648' [-Woverflow]
    < (int32_t) (((((int32_t) 1 << N) << N) - 1) * 2 + 2))];
                                                     ^
conftest.c:75:12: error: storage size of 'test_array' isn't constant
 static int test_array [1 - 2 * !((int32_t) (((((int32_t) 1 << N) << N) - 1) * 2 + 1)
            ^~~~~~~~~~
configure:9311: $? = 1
configure: failed program was:
| /* confdefs.h */
| #define PACKAGE_NAME "libssd1306"
| #define PACKAGE_TARNAME "libssd1306"
| #define PACKAGE_VERSION "0.8"
| #define PACKAGE_STRING "libssd1306 0.8"
| #define PACKAGE_BUGREPORT "github@stealthylabs.com"
| #define PACKAGE_URL ""
| #define PACKAGE "libssd1306"
| #define VERSION "0.8"
| #define STDC_HEADERS 1
| #define HAVE_SYS_TYPES_H 1
| #define HAVE_SYS_STAT_H 1
| #define HAVE_STDLIB_H 1
| #define HAVE_STRING_H 1
| #define HAVE_MEMORY_H 1
| #define HAVE_STRINGS_H 1
| #define HAVE_INTTYPES_H 1
| #define HAVE_STDINT_H 1
| #define HAVE_UNISTD_H 1
| #define HAVE_DLFCN_H 1
| #define LT_OBJDIR ".libs/"
| #define HAVE_SYS_WAIT_H 1
| #define TIME_WITH_SYS_TIME 1
| #define STDC_HEADERS 1
| #define HAVE_ERRNO_H 1
| #define HAVE_FEATURES_H 1
| #define HAVE_FCNTL_H 1
| #define HAVE_INTTYPES_H 1
| #define HAVE_MATH_H 1
| #define HAVE_SYS_IOCTL_H 1
| #define HAVE_UNISTD_H 1
| #define HAVE_STDIO_H 1
| #define HAVE_LINUX_I2C_DEV_H 1
| #define HAVE_CTYPE_H 1
| #define HAVE_SYS_STAT_H 1
| #define HAVE_SYS_TYPES_H 1
| /* end confdefs.h.  */
| #include <stdio.h>
| #ifdef HAVE_SYS_TYPES_H
| # include <sys/types.h>
| #endif
| #ifdef HAVE_SYS_STAT_H
| # include <sys/stat.h>
| #endif
| #ifdef STDC_HEADERS
| # include <stdlib.h>
| # include <stddef.h>
| #else
| # ifdef HAVE_STDLIB_H
| #  include <stdlib.h>
| # endif
| #endif
| #ifdef HAVE_STRING_H
| # if !defined STDC_HEADERS && defined HAVE_MEMORY_H
| #  include <memory.h>
| # endif
| # include <string.h>
| #endif
| #ifdef HAVE_STRINGS_H
| # include <strings.h>
| #endif
| #ifdef HAVE_INTTYPES_H
| # include <inttypes.h>
| #endif
| #ifdef HAVE_STDINT_H
| # include <stdint.h>
| #endif
| #ifdef HAVE_UNISTD_H
| # include <unistd.h>
| #endif
| 	        enum { N = 32 / 2 - 1 };
| int
| main ()
| {
| static int test_array [1 - 2 * !((int32_t) (((((int32_t) 1 << N) << N) - 1) * 2 + 1)
| 		 < (int32_t) (((((int32_t) 1 << N) << N) - 1) * 2 + 2))];
| test_array [0] = 0;
| return test_array [0];
| 
|   ;
|   return 0;
| }
configure:9311: result: yes
configure:9322: checking for uint16_t
configure:9322: gcc -c   conftest.c >&5
configure:9322: $? = 0
configure:9322: result: yes
configure:9334: checking for int16_t
configure:9334: gcc -c   conftest.c >&5
configure:9334: $? = 0
configure:9334: gcc -c   conftest.c >&5
conftest.c: In function 'main':
conftest.c:75:12: error: size of array 'test_array' is negative
 static int test_array [1 - 2 * !((int16_t) (((((int16_t) 1 << N) << N) - 1) * 2 + 1)
            ^~~~~~~~~~
configure:9334: $? = 1
configure: failed program was:
| /* confdefs.h */
| #define PACKAGE_NAME "libssd1306"
| #define PACKAGE_TARNAME "libssd1306"
| #define PACKAGE_VERSION "0.8"
| #define PACKAGE_STRING "libssd1306 0.8"
| #define PACKAGE_BUGREPORT "github@stealthylabs.com"
| #define PACKAGE_URL ""
| #define PACKAGE "libssd1306"
| #define VERSION "0.8"
| #define STDC_HEADERS 1
| #define HAVE_SYS_TYPES_H 1
| #define HAVE_SYS_STAT_H 1
| #define HAVE_STDLIB_H 1
| #define HAVE_STRING_H 1
| #define HAVE_MEMORY_H 1
| #define HAVE_STRINGS_H 1
| #define HAVE_INTTYPES_H 1
| #define HAVE_STDINT_H 1
| #define HAVE_UNISTD_H 1
| #define HAVE_DLFCN_H 1
| #define LT_OBJDIR ".libs/"
| #define HAVE_SYS_WAIT_H 1
| #define TIME_WITH_SYS_TIME 1
| #define STDC_HEADERS 1
| #define HAVE_ERRNO_H 1
| #define HAVE_FEATURES_H 1
| #define HAVE_FCNTL_H 1
| #define HAVE_INTTYPES_H 1
| #define HAVE_MATH_H 1
| #define HAVE_SYS_IOCTL_H 1
| #define HAVE_UNISTD_H 1
| #define HAVE_STDIO_H 1
| #define HAVE_LINUX_I2C_DEV_H 1
| #define HAVE_CTYPE_H 1
| #define HAVE_SYS_STAT_H 1
| #define HAVE_SYS_TYPES_H 1
| /* end confdefs.h.  */
| #include <stdio.h>
| #ifdef HAVE_SYS_TYPES_H
| # include <sys/types.h>
| #endif
| #ifdef HAVE_SYS_STAT_H
| # include <sys/stat.h>
| #endif
| #ifdef STDC_HEADERS
| # include <stdlib.h>
| # include <stddef.h>
| #else
| # ifdef HAVE_STDLIB_H
| #  include <stdlib.h>
| # endif
| #endif
| #ifdef HAVE_STRING_H
| # if !defined STDC_HEADERS && defined HAVE_MEMORY_H
| #  include <memory.h>
| # endif
| # include <string.h>
| #endif
| #ifdef HAVE_STRINGS_H
| # include <strings.h>
| #endif
| #ifdef HAVE_INTTYPES_H
| # include <inttypes.h>
| #endif
| #ifdef HAVE_STDINT_H
| # include <stdint.h>
| #endif
| #ifdef HAVE_UNISTD_H
| # include <unistd.h>
| #endif
| 	        enum { N = 16 / 2 - 1 };
| int
| main ()
| {
| static int test_array [1 - 2 * !((int16_t) (((((int16_t) 1 << N) << N) - 1) * 2 + 1)
| 		 < (int16_t) (((((int16_t) 1 << N) << N) - 1) * 2 + 2))];
| test_array [0] = 0;
| return test_array [0];
| 
|   ;
|   return 0;
| }
configure:9334: result: yes
configure:9345: checking for uint8_t
configure:9345: gcc -c   conftest.c >&5
configure:9345: $? = 0
configure:9345: result: yes
configure:9359: checking for int8_t
configure:9359: gcc -c   conftest.c >&5
configure:9359: $? = 0
configure:9359: gcc -c   conftest.c >&5
conftest.c: In function 'main':
conftest.c:75:12: error: size of array 'test_array' is negative
 static int test_array [1 - 2 * !((int8_t) (((((int8_t) 1 << N) << N) - 1) * 2 + 1)
            ^~~~~~~~~~
configure:9359: $? = 1
configure: failed program was:
| /* confdefs.h */
| #define PACKAGE_NAME "libssd1306"
| #define PACKAGE_TARNAME "libssd1306"
| #define PACKAGE_VERSION "0.8"
| #define PACKAGE_STRING "libssd1306 0.8"
| #define PACKAGE_BUGREPORT "github@stealthylabs.com"
| #define PACKAGE_URL ""
| #define PACKAGE "libssd1306"
| #define VERSION "0.8"
| #define STDC_HEADERS 1
| #define HAVE_SYS_TYPES_H 1
| #define HAVE_SYS_STAT_H 1
| #define HAVE_STDLIB_H 1
| #define HAVE_STRING_H 1
| #define HAVE_MEMORY_H 1
| #define HAVE_STRINGS_H 1
| #define HAVE_INTTYPES_H 1
| #define HAVE_STDINT_H 1
| #define HAVE_UNISTD_H 1
| #define HAVE_DLFCN_H 1
| #define LT_OBJDIR ".libs/"
| #define HAVE_SYS_WAIT_H 1
| #define TIME_WITH_SYS_TIME 1
| #define STDC_HEADERS 1
| #define HAVE_ERRNO_H 1
| #define HAVE_FEATURES_H 1
| #define HAVE_FCNTL_H 1
| #define HAVE_INTTYPES_H 1
| #define HAVE_MATH_H 1
| #define HAVE_SYS_IOCTL_H 1
| #define HAVE_UNISTD_H 1
| #define HAVE_STDIO_H 1
| #define HAVE_LINUX_I2C_DEV_H 1
| #define HAVE_CTYPE_H 1
| #define HAVE_SYS_STAT_H 1
| #define HAVE_SYS_TYPES_H 1
| /* end confdefs.h.  */
| #include <stdio.h>
| #ifdef HAVE_SYS_TYPES_H
| # include <sys/types.h>
| #endif
| #ifdef HAVE_SYS_STAT_H
| # include <sys/stat.h>
| #endif
| #ifdef STDC_HEADERS
| # include <stdlib.h>
| # include <stddef.h>
| #else
| # ifdef HAVE_STDLIB_H
| #  include <stdlib.h>
| # endif
| #endif
| #ifdef HAVE_STRING_H
| # if !defined STDC_HEADERS && defined HAVE_MEMORY_H
| #  include <memory.h>
| # endif
| # include <string.h>
| #endif
| #ifdef HAVE_STRINGS_H
| # include <strings.h>
| #endif
| #ifdef HAVE_INTTYPES_H
| # include <inttypes.h>
| #endif
| #ifdef HAVE_STDINT_H
| # include <stdint.h>
| #endif
| #ifdef HAVE_UNISTD_H
| # include <unistd.h>
| #endif
| 	        enum { N = 8 / 2 - 1 };
| int
| main ()
| {
| static int test_array [1 - 2 * !((int8_t) (((((int8_t) 1 << N) << N) - 1) * 2 + 1)
| 		 < (int8_t) (((((int8_t) 1 << N) << N) - 1) * 2 + 2))];
| test_array [0] = 0;
| return test_array [0];
| 
|   ;
|   return 0;
| }
configure:9359: result: yes
configure:9371: checking for uintptr_t
configure:9371: gcc -c   conftest.c >&5
configure:9371: $? = 0
configure:9371: gcc -c   conftest.c >&5
conftest.c: In function 'main':
conftest.c:74:24: error: expected expression before ')' token
 if (sizeof ((uintptr_t)))
                        ^
configure:9371: $? = 1
configure: failed program was:
| /* confdefs.h */
| #define PACKAGE_NAME "libssd1306"
| #define PACKAGE_TARNAME "libssd1306"
| #define PACKAGE_VERSION "0.8"
| #define PACKAGE_STRING "libssd1306 0.8"
| #define PACKAGE_BUGREPORT "github@stealthylabs.com"
| #define PACKAGE_URL ""
| #define PACKAGE "libssd1306"
| #define VERSION "0.8"
| #define STDC_HEADERS 1
| #define HAVE_SYS_TYPES_H 1
| #define HAVE_SYS_STAT_H 1
| #define HAVE_STDLIB_H 1
| #define HAVE_STRING_H 1
| #define HAVE_MEMORY_H 1
| #define HAVE_STRINGS_H 1
| #define HAVE_INTTYPES_H 1
| #define HAVE_STDINT_H 1
| #define HAVE_UNISTD_H 1
| #define HAVE_DLFCN_H 1
| #define LT_OBJDIR ".libs/"
| #define HAVE_SYS_WAIT_H 1
| #define TIME_WITH_SYS_TIME 1
| #define STDC_HEADERS 1
| #define HAVE_ERRNO_H 1
| #define HAVE_FEATURES_H 1
| #define HAVE_FCNTL_H 1
| #define HAVE_INTTYPES_H 1
| #define HAVE_MATH_H 1
| #define HAVE_SYS_IOCTL_H 1
| #define HAVE_UNISTD_H 1
| #define HAVE_STDIO_H 1
| #define HAVE_LINUX_I2C_DEV_H 1
| #define HAVE_CTYPE_H 1
| #define HAVE_SYS_STAT_H 1
| #define HAVE_SYS_TYPES_H 1
| /* end confdefs.h.  */
| #include <stdio.h>
| #ifdef HAVE_SYS_TYPES_H
| # include <sys/types.h>
| #endif
| #ifdef HAVE_SYS_STAT_H
| # include <sys/stat.h>
| #endif
| #ifdef STDC_HEADERS
| # include <stdlib.h>
| # include <stddef.h>
| #else
| # ifdef HAVE_STDLIB_H
| #  include <stdlib.h>
| # endif
| #endif
| #ifdef HAVE_STRING_H
| # if !defined STDC_HEADERS && defined HAVE_MEMORY_H
| #  include <memory.h>
| # endif
| # include <string.h>
| #endif
| #ifdef HAVE_STRINGS_H
| # include <strings.h>
| #endif
| #ifdef HAVE_INTTYPES_H
| # include <inttypes.h>
| #endif
| #ifdef HAVE_STDINT_H
| # include <stdint.h>
| #endif
| #ifdef HAVE_UNISTD_H
| # include <unistd.h>
| #endif
| int
| main ()
| {
| if (sizeof ((uintptr_t)))
| 	    return 0;
|   ;
|   return 0;
| }
configure:9371: result: yes
configure:9408: checking for intptr_t
configure:9408: gcc -c   conftest.c >&5
configure:9408: $? = 0
configure:9408: gcc -c   conftest.c >&5
conftest.c: In function 'main':
conftest.c:75:23: error: expected expression before ')' token
 if (sizeof ((intptr_t)))
                       ^
configure:9408: $? = 1
configure: failed program was:
| /* confdefs.h */
| #define PACKAGE_NAME "libssd1306"
| #define PACKAGE_TARNAME "libssd1306"
| #define PACKAGE_VERSION "0.8"
| #define PACKAGE_STRING "libssd1306 0.8"
| #define PACKAGE_BUGREPORT "github@stealthylabs.com"
| #define PACKAGE_URL ""
| #define PACKAGE "libssd1306"
| #define VERSION "0.8"
| #define STDC_HEADERS 1
| #define HAVE_SYS_TYPES_H 1
| #define HAVE_SYS_STAT_H 1
| #define HAVE_STDLIB_H 1
| #define HAVE_STRING_H 1
| #define HAVE_MEMORY_H 1
| #define HAVE_STRINGS_H 1
| #define HAVE_INTTYPES_H 1
| #define HAVE_STDINT_H 1
| #define HAVE_UNISTD_H 1
| #define HAVE_DLFCN_H 1
| #define LT_OBJDIR ".libs/"
| #define HAVE_SYS_WAIT_H 1
| #define TIME_WITH_SYS_TIME 1
| #define STDC_HEADERS 1
| #define HAVE_ERRNO_H 1
| #define HAVE_FEATURES_H 1
| #define HAVE_FCNTL_H 1
| #define HAVE_INTTYPES_H 1
| #define HAVE_MATH_H 1
| #define HAVE_SYS_IOCTL_H 1
| #define HAVE_UNISTD_H 1
| #define HAVE_STDIO_H 1
| #define HAVE_LINUX_I2C_DEV_H 1
| #define HAVE_CTYPE_H 1
| #define HAVE_SYS_STAT_H 1
| #define HAVE_SYS_TYPES_H 1
| #define HAVE_UINTPTR_T 1
| /* end confdefs.h.  */
| #include <stdio.h>
| #ifdef HAVE_SYS_TYPES_H
| # include <sys/types.h>
| #endif
| #ifdef HAVE_SYS_STAT_H
| # include <sys/stat.h>
| #endif
| #ifdef STDC_HEADERS
| # include <stdlib.h>
| # include <stddef.h>
| #else
| # ifdef HAVE_STDLIB_H
| #  include <stdlib.h>
| # endif
| #endif
| #ifdef HAVE_STRING_H
| # if !defined STDC_HEADERS && defined HAVE_MEMORY_H
| #  include <memory.h>
| # endif
| # include <string.h>
| #endif
| #ifdef HAVE_STRINGS_H
| # include <strings.h>
| #endif
| #ifdef HAVE_INTTYPES_H
| # include <inttypes.h>
| #endif
| #ifdef HAVE_STDINT_H
| # include <stdint.h>
| #endif
| #ifdef HAVE_UNISTD_H
| # include <unistd.h>
| #endif
| int
| main ()
| {
| if (sizeof ((intptr_t)))
| 	    return 0;
|   ;
|   return 0;
| }
configure:9408: result: yes
configure:9443: checking for stdbool.h that conforms to C99
configure:9510: gcc -c   conftest.c >&5
configure:9510: $? = 0
configure:9517: result: yes
configure:9519: checking for _Bool
configure:9519: gcc -c   conftest.c >&5
configure:9519: $? = 0
configure:9519: gcc -c   conftest.c >&5
conftest.c: In function 'main':
conftest.c:76:20: error: expected expression before ')' token
 if (sizeof ((_Bool)))
                    ^
configure:9519: $? = 1
configure: failed program was:
| /* confdefs.h */
| #define PACKAGE_NAME "libssd1306"
| #define PACKAGE_TARNAME "libssd1306"
| #define PACKAGE_VERSION "0.8"
| #define PACKAGE_STRING "libssd1306 0.8"
| #define PACKAGE_BUGREPORT "github@stealthylabs.com"
| #define PACKAGE_URL ""
| #define PACKAGE "libssd1306"
| #define VERSION "0.8"
| #define STDC_HEADERS 1
| #define HAVE_SYS_TYPES_H 1
| #define HAVE_SYS_STAT_H 1
| #define HAVE_STDLIB_H 1
| #define HAVE_STRING_H 1
| #define HAVE_MEMORY_H 1
| #define HAVE_STRINGS_H 1
| #define HAVE_INTTYPES_H 1
| #define HAVE_STDINT_H 1
| #define HAVE_UNISTD_H 1
| #define HAVE_DLFCN_H 1
| #define LT_OBJDIR ".libs/"
| #define HAVE_SYS_WAIT_H 1
| #define TIME_WITH_SYS_TIME 1
| #define STDC_HEADERS 1
| #define HAVE_ERRNO_H 1
| #define HAVE_FEATURES_H 1
| #define HAVE_FCNTL_H 1
| #define HAVE_INTTYPES_H 1
| #define HAVE_MATH_H 1
| #define HAVE_SYS_IOCTL_H 1
| #define HAVE_UNISTD_H 1
| #define HAVE_STDIO_H 1
| #define HAVE_LINUX_I2C_DEV_H 1
| #define HAVE_CTYPE_H 1
| #define HAVE_SYS_STAT_H 1
| #define HAVE_SYS_TYPES_H 1
| #define HAVE_UINTPTR_T 1
| #define HAVE_INTPTR_T 1
| /* end confdefs.h.  */
| #include <stdio.h>
| #ifdef HAVE_SYS_TYPES_H
| # include <sys/types.h>
| #endif
| #ifdef HAVE_SYS_STAT_H
| # include <sys/stat.h>
| #endif
| #ifdef STDC_HEADERS
| # include <stdlib.h>
| # include <stddef.h>
| #else
| # ifdef HAVE_STDLIB_H
| #  include <stdlib.h>
| # endif
| #endif
| #ifdef HAVE_STRING_H
| # if !defined STDC_HEADERS && defined HAVE_MEMORY_H
| #  include <memory.h>
| # endif
| # include <string.h>
| #endif
| #ifdef HAVE_STRINGS_H
| # include <strings.h>
| #endif
| #ifdef HAVE_INTTYPES_H
| # include <inttypes.h>
| #endif
| #ifdef HAVE_STDINT_H
| # include <stdint.h>
| #endif
| #ifdef HAVE_UNISTD_H
| # include <unistd.h>
| #endif
| int
| main ()
| {
| if (sizeof ((_Bool)))
| 	    return 0;
|   ;
|   return 0;
| }
configure:9519: result: yes
configure:9536: checking for inline
configure:9552: gcc -c   conftest.c >&5
configure:9552: $? = 0
configure:9560: result: inline
configure:9580: checking whether strerror_r is declared
configure:9580: gcc -c   conftest.c >&5
configure:9580: $? = 0
configure:9580: result: yes
configure:9593: checking for strerror_r
configure:9593: gcc -o conftest    conftest.c  >&5
configure:9593: $? = 0
configure:9593: result: yes
configure:9602: checking whether strerror_r returns char *
configure:9626: gcc -c   conftest.c >&5
conftest.c: In function 'main':
conftest.c:82:13: error: invalid type argument of unary '*' (have 'int')
    char x = *strerror_r (0, buf, sizeof buf);
             ^~~~~~~~~~~~~~~~~~~~~~~~~~~~~~~~
conftest.c:83:14: warning: initialization of 'char *' from 'int' makes pointer from integer without a cast [-Wint-conversion]
    char *p = strerror_r (0, buf, sizeof buf);
              ^~~~~~~~~~
configure:9626: $? = 1
configure: failed program was:
| /* confdefs.h */
| #define PACKAGE_NAME "libssd1306"
| #define PACKAGE_TARNAME "libssd1306"
| #define PACKAGE_VERSION "0.8"
| #define PACKAGE_STRING "libssd1306 0.8"
| #define PACKAGE_BUGREPORT "github@stealthylabs.com"
| #define PACKAGE_URL ""
| #define PACKAGE "libssd1306"
| #define VERSION "0.8"
| #define STDC_HEADERS 1
| #define HAVE_SYS_TYPES_H 1
| #define HAVE_SYS_STAT_H 1
| #define HAVE_STDLIB_H 1
| #define HAVE_STRING_H 1
| #define HAVE_MEMORY_H 1
| #define HAVE_STRINGS_H 1
| #define HAVE_INTTYPES_H 1
| #define HAVE_STDINT_H 1
| #define HAVE_UNISTD_H 1
| #define HAVE_DLFCN_H 1
| #define LT_OBJDIR ".libs/"
| #define HAVE_SYS_WAIT_H 1
| #define TIME_WITH_SYS_TIME 1
| #define STDC_HEADERS 1
| #define HAVE_ERRNO_H 1
| #define HAVE_FEATURES_H 1
| #define HAVE_FCNTL_H 1
| #define HAVE_INTTYPES_H 1
| #define HAVE_MATH_H 1
| #define HAVE_SYS_IOCTL_H 1
| #define HAVE_UNISTD_H 1
| #define HAVE_STDIO_H 1
| #define HAVE_LINUX_I2C_DEV_H 1
| #define HAVE_CTYPE_H 1
| #define HAVE_SYS_STAT_H 1
| #define HAVE_SYS_TYPES_H 1
| #define HAVE_UINTPTR_T 1
| #define HAVE_INTPTR_T 1
| #define HAVE__BOOL 1
| #define HAVE_STDBOOL_H 1
| #define HAVE_DECL_STRERROR_R 1
| #define HAVE_STRERROR_R 1
| /* end confdefs.h.  */
| #include <stdio.h>
| #ifdef HAVE_SYS_TYPES_H
| # include <sys/types.h>
| #endif
| #ifdef HAVE_SYS_STAT_H
| # include <sys/stat.h>
| #endif
| #ifdef STDC_HEADERS
| # include <stdlib.h>
| # include <stddef.h>
| #else
| # ifdef HAVE_STDLIB_H
| #  include <stdlib.h>
| # endif
| #endif
| #ifdef HAVE_STRING_H
| # if !defined STDC_HEADERS && defined HAVE_MEMORY_H
| #  include <memory.h>
| # endif
| # include <string.h>
| #endif
| #ifdef HAVE_STRINGS_H
| # include <strings.h>
| #endif
| #ifdef HAVE_INTTYPES_H
| # include <inttypes.h>
| #endif
| #ifdef HAVE_STDINT_H
| # include <stdint.h>
| #endif
| #ifdef HAVE_UNISTD_H
| # include <unistd.h>
| #endif
| int
| main ()
| {
| 
| 	  char buf[100];
| 	  char x = *strerror_r (0, buf, sizeof buf);
| 	  char *p = strerror_r (0, buf, sizeof buf);
| 	  return !p || x;
| 
|   ;
|   return 0;
| }
configure:9664: result: no
configure:9675: checking for memset
configure:9675: gcc -o conftest    conftest.c  >&5
conftest.c:67:6: warning: conflicting types for built-in function 'memset' [-Wbuiltin-declaration-mismatch]
 char memset ();
      ^~~~~~
configure:9675: $? = 0
configure:9675: result: yes
configure:9675: checking for strdup
configure:9675: gcc -o conftest    conftest.c  >&5
conftest.c:68:6: warning: conflicting types for built-in function 'strdup' [-Wbuiltin-declaration-mismatch]
 char strdup ();
      ^~~~~~
configure:9675: $? = 0
configure:9675: result: yes
configure:9675: checking for memcpy
configure:9675: gcc -o conftest    conftest.c  >&5
conftest.c:69:6: warning: conflicting types for built-in function 'memcpy' [-Wbuiltin-declaration-mismatch]
 char memcpy ();
      ^~~~~~
configure:9675: $? = 0
configure:9675: result: yes
configure:9675: checking for calloc
configure:9675: gcc -o conftest    conftest.c  >&5
conftest.c:70:6: warning: conflicting types for built-in function 'calloc' [-Wbuiltin-declaration-mismatch]
 char calloc ();
      ^~~~~~
configure:9675: $? = 0
configure:9675: result: yes
configure:9675: checking for ioctl
configure:9675: gcc -o conftest    conftest.c  >&5
configure:9675: $? = 0
configure:9675: result: yes
configure:9675: checking for localtime_r
configure:9675: gcc -o conftest    conftest.c  >&5
configure:9675: $? = 0
configure:9675: result: yes
configure:9694: checking for pthreads support
configure:9852: checking whether gcc is Clang
configure:9877: result: no
configure:9939: checking whether pthreads work with "-pthread" and "-lpthread"
configure:10044: gcc -o conftest  -pthread   conftest.c -lpthread  >&5
configure:10044: $? = 0
configure:10053: result: yes
configure:10170: checking for joinable pthread attribute
configure:10188: gcc -o conftest  -pthread   conftest.c -lpthread  >&5
configure:10188: $? = 0
configure:10196: result: PTHREAD_CREATE_JOINABLE
configure:10210: checking whether more special flags are required for pthreads
configure:10223: result: no
configure:10231: checking for PTHREAD_PRIO_INHERIT
configure:10248: gcc -o conftest  -pthread   conftest.c -lpthread  >&5
configure:10248: $? = 0
configure:10257: result: yes
configure:10365: checking if threading is enabled... yes
configure:10369: checking whether to build with debug information
configure:10378: result: no
configure:10402: checking if freetype2 is installed
configure:10458: checking for pkg-config
configure:10476: found /usr/bin/pkg-config
configure:10488: result: /usr/bin/pkg-config
configure:10513: checking pkg-config is at least version 0.9.0
configure:10516: result: yes
configure:10526: checking for FREETYPE2
configure:10533: $PKG_CONFIG --exists --print-errors "freetype2"
configure:10536: $? = 0
configure:10550: $PKG_CONFIG --exists --print-errors "freetype2"
configure:10553: $? = 0
configure:10597: result: yes
configure:10618: checking if libev is installed
configure:10622: checking for LIBEV
configure:10629: $PKG_CONFIG --exists --print-errors "libev"
Package libev was not found in the pkg-config search path.
Perhaps you should add the directory containing `libev.pc'
to the PKG_CONFIG_PATH environment variable
No package 'libev' found
configure:10632: $? = 1
configure:10646: $PKG_CONFIG --exists --print-errors "libev"
Package libev was not found in the pkg-config search path.
Perhaps you should add the directory containing `libev.pc'
to the PKG_CONFIG_PATH environment variable
No package 'libev' found
configure:10649: $? = 1
configure:10663: result: no
No package 'libev' found
configure:10682: checking ev.h usability
configure:10682: gcc -c  -pthread  conftest.c >&5
configure:10682: $? = 0
configure:10682: result: yes
configure:10682: checking ev.h presence
configure:10682: gcc -E  conftest.c
configure:10682: $? = 0
configure:10682: result: yes
configure:10682: checking for ev.h
configure:10682: result: yes
configure:10694: checking for ev_run in -lev
configure:10719: gcc -o conftest  -pthread   conftest.c -lev  -lpthread  >&5
configure:10719: $? = 0
configure:10728: result: yes
configure:10839: checking if libunistring is installed
configure:10843: checking for UNISTRING
configure:10850: $PKG_CONFIG --exists --print-errors "libunistring"
Package libunistring was not found in the pkg-config search path.
Perhaps you should add the directory containing `libunistring.pc'
to the PKG_CONFIG_PATH environment variable
No package 'libunistring' found
configure:10853: $? = 1
configure:10867: $PKG_CONFIG --exists --print-errors "libunistring"
Package libunistring was not found in the pkg-config search path.
Perhaps you should add the directory containing `libunistring.pc'
to the PKG_CONFIG_PATH environment variable
No package 'libunistring' found
configure:10870: $? = 1
configure:10884: result: no
No package 'libunistring' found
configure:10903: checking unistr.h usability
configure:10903: gcc -c  -pthread  conftest.c >&5
configure:10903: $? = 0
configure:10903: result: yes
configure:10903: checking unistr.h presence
configure:10903: gcc -E  conftest.c
configure:10903: $? = 0
configure:10903: result: yes
configure:10903: checking for unistr.h
configure:10903: result: yes
configure:10915: checking for u8_to_u32 in -lunistring
configure:10940: gcc -o conftest  -pthread   conftest.c -lunistring  -lpthread  >&5
configure:10940: $? = 0
configure:10949: result: yes
configure:11152: checking that generated files are newer than configure
configure:11158: result: done
configure:11189: creating ./config.status

## ---------------------- ##
## Running config.status. ##
## ---------------------- ##

This file was extended by libssd1306 config.status 0.8, which was
generated by GNU Autoconf 2.69.  Invocation command line was

  CONFIG_FILES    = 
  CONFIG_HEADERS  = 
  CONFIG_LINKS    = 
  CONFIG_COMMANDS = 
  $ ./config.status 

on raspberrypi

config.status:1136: creating Makefile
config.status:1136: creating src/Makefile
config.status:1136: creating examples/Makefile
config.status:1136: creating include/_ssd1306_config.h
config.status:1317: include/_ssd1306_config.h is unchanged
config.status:1365: executing include/ssd1306_config.h commands
config.status:1403: creating include/ssd1306_config.h - prefix LIBSSD1306 for include/_ssd1306_config.h defines
config.status:1425: include/ssd1306_config.h is unchanged
config.status:1365: executing depfiles commands
config.status:1531: cd src       && sed -e '/# am--include-marker/d' Makefile         | make -f - am--depfiles
make: Nothing to be done for 'am--depfiles'.
config.status:1536: $? = 0
config.status:1531: cd examples       && sed -e '/# am--include-marker/d' Makefile         | make -f - am--depfiles
config.status:1536: $? = 0
config.status:1365: executing libtool commands

## ---------------- ##
## Cache variables. ##
## ---------------- ##

ac_cv_build=armv7l-unknown-linux-gnueabihf
ac_cv_c_compiler_gnu=yes
ac_cv_c_inline=inline
ac_cv_c_int16_t=yes
ac_cv_c_int32_t=yes
ac_cv_c_int64_t=yes
ac_cv_c_int8_t=yes
ac_cv_c_uint16_t=yes
ac_cv_c_uint32_t=yes
ac_cv_c_uint64_t=yes
ac_cv_c_uint8_t=yes
ac_cv_env_CC_set=
ac_cv_env_CC_value=
ac_cv_env_CFLAGS_set=
ac_cv_env_CFLAGS_value=
ac_cv_env_CPPFLAGS_set=
ac_cv_env_CPPFLAGS_value=
ac_cv_env_CPP_set=
ac_cv_env_CPP_value=
ac_cv_env_FREETYPE2_CFLAGS_set=
ac_cv_env_FREETYPE2_CFLAGS_value=
ac_cv_env_FREETYPE2_LIBS_set=
ac_cv_env_FREETYPE2_LIBS_value=
ac_cv_env_LDFLAGS_set=
ac_cv_env_LDFLAGS_value=
ac_cv_env_LIBEV_CFLAGS_set=
ac_cv_env_LIBEV_CFLAGS_value=
ac_cv_env_LIBEV_LIBS_set=
ac_cv_env_LIBEV_LIBS_value=
ac_cv_env_LIBS_set=
ac_cv_env_LIBS_value=
ac_cv_env_LT_SYS_LIBRARY_PATH_set=
ac_cv_env_LT_SYS_LIBRARY_PATH_value=
ac_cv_env_PKG_CONFIG_LIBDIR_set=
ac_cv_env_PKG_CONFIG_LIBDIR_value=
ac_cv_env_PKG_CONFIG_PATH_set=
ac_cv_env_PKG_CONFIG_PATH_value=
ac_cv_env_PKG_CONFIG_set=
ac_cv_env_PKG_CONFIG_value=
ac_cv_env_UNISTRING_CFLAGS_set=
ac_cv_env_UNISTRING_CFLAGS_value=
ac_cv_env_UNISTRING_LIBS_set=
ac_cv_env_UNISTRING_LIBS_value=
ac_cv_env_build_alias_set=
ac_cv_env_build_alias_value=
ac_cv_env_host_alias_set=
ac_cv_env_host_alias_value=
ac_cv_env_target_alias_set=
ac_cv_env_target_alias_value=
ac_cv_func_calloc=yes
ac_cv_func_ioctl=yes
ac_cv_func_localtime_r=yes
ac_cv_func_memcpy=yes
ac_cv_func_memset=yes
ac_cv_func_strdup=yes
ac_cv_func_strerror_r=yes
ac_cv_func_strerror_r_char_p=no
ac_cv_have_decl_strerror_r=yes
ac_cv_header_ctype_h=yes
ac_cv_header_dlfcn_h=yes
ac_cv_header_errno_h=yes
ac_cv_header_ev_h=yes
ac_cv_header_fcntl_h=yes
ac_cv_header_features_h=yes
ac_cv_header_inttypes_h=yes
ac_cv_header_linux_i2c_dev_h=yes
ac_cv_header_math_h=yes
ac_cv_header_memory_h=yes
ac_cv_header_stdbool_h=yes
ac_cv_header_stdc=yes
ac_cv_header_stdint_h=yes
ac_cv_header_stdio_h=yes
ac_cv_header_stdlib_h=yes
ac_cv_header_string_h=yes
ac_cv_header_strings_h=yes
ac_cv_header_sys_ioctl_h=yes
ac_cv_header_sys_stat_h=yes
ac_cv_header_sys_types_h=yes
ac_cv_header_sys_wait_h=yes
ac_cv_header_time=yes
ac_cv_header_unistd_h=yes
ac_cv_header_unistr_h=yes
ac_cv_host=armv7l-unknown-linux-gnueabihf
ac_cv_lib_ev_ev_run=yes
ac_cv_lib_unistring_u8_to_u32=yes
ac_cv_objext=o
ac_cv_path_EGREP='/usr/bin/grep -E'
ac_cv_path_FGREP='/usr/bin/grep -F'
ac_cv_path_GREP=/usr/bin/grep
ac_cv_path_SED=/usr/bin/sed
ac_cv_path_ac_pt_PKG_CONFIG=/usr/bin/pkg-config
ac_cv_path_install='/usr/bin/install -c'
ac_cv_path_lt_DD=/usr/bin/dd
ac_cv_path_mkdir=/usr/bin/mkdir
ac_cv_prog_AWK=mawk
ac_cv_prog_CPP='gcc -E'
ac_cv_prog_ac_ct_AR=ar
ac_cv_prog_ac_ct_CC=gcc
ac_cv_prog_ac_ct_MANIFEST_TOOL=mt
ac_cv_prog_ac_ct_OBJDUMP=objdump
ac_cv_prog_ac_ct_RANLIB=ranlib
ac_cv_prog_ac_ct_STRIP=strip
ac_cv_prog_cc_c89=
ac_cv_prog_cc_g=yes
ac_cv_prog_make_make_set=yes
ac_cv_type__Bool=yes
ac_cv_type_intptr_t=yes
ac_cv_type_size_t=yes
ac_cv_type_ssize_t=yes
ac_cv_type_uintptr_t=yes
am_cv_CC_dependencies_compiler_type=gcc3
am_cv_make_support_nested_variables=yes
am_cv_prog_cc_c_o=yes
ax_cv_PTHREAD_CLANG=no
ax_cv_PTHREAD_JOINABLE_ATTR=PTHREAD_CREATE_JOINABLE
ax_cv_PTHREAD_PRIO_INHERIT=yes
ax_cv_PTHREAD_SPECIAL_FLAGS=no
lt_cv_ar_at_file=@
lt_cv_archive_cmds_need_lc=no
lt_cv_deplibs_check_method=pass_all
lt_cv_file_magic_cmd='$MAGIC_CMD'
lt_cv_file_magic_test_file=
lt_cv_ld_reload_flag=-r
lt_cv_nm_interface='BSD nm'
lt_cv_objdir=.libs
lt_cv_path_LD=/usr/bin/ld
lt_cv_path_NM='/usr/bin/nm -B'
lt_cv_path_mainfest_tool=no
lt_cv_prog_compiler_c_o=yes
lt_cv_prog_compiler_pic='-fPIC -DPIC'
lt_cv_prog_compiler_pic_works=yes
lt_cv_prog_compiler_rtti_exceptions=no
lt_cv_prog_compiler_static_works=yes
lt_cv_prog_gnu_ld=yes
lt_cv_sharedlib_from_linklib_cmd='printf %s\n'
lt_cv_shlibpath_overrides_runpath=yes
lt_cv_sys_global_symbol_pipe='sed -n -e '\''s/^.*[	 ]\([ABCDGIRSTW][ABCDGIRSTW]*\)[	 ][	 ]*\([_A-Za-z][_A-Za-z0-9]*\)$/\1 \2 \2/p'\'' | sed '\''/ __gnu_lto/d'\'''
lt_cv_sys_global_symbol_to_c_name_address='sed -n -e '\''s/^: \(.*\) .*$/  {"\1", (void *) 0},/p'\'' -e '\''s/^[ABCDGIRSTW][ABCDGIRSTW]* .* \(.*\)$/  {"\1", (void *) \&\1},/p'\'''
lt_cv_sys_global_symbol_to_c_name_address_lib_prefix='sed -n -e '\''s/^: \(.*\) .*$/  {"\1", (void *) 0},/p'\'' -e '\''s/^[ABCDGIRSTW][ABCDGIRSTW]* .* \(lib.*\)$/  {"\1", (void *) \&\1},/p'\'' -e '\''s/^[ABCDGIRSTW][ABCDGIRSTW]* .* \(.*\)$/  {"lib\1", (void *) \&\1},/p'\'''
lt_cv_sys_global_symbol_to_cdecl='sed -n -e '\''s/^T .* \(.*\)$/extern int \1();/p'\'' -e '\''s/^[ABCDGIRSTW][ABCDGIRSTW]* .* \(.*\)$/extern char \1;/p'\'''
lt_cv_sys_global_symbol_to_import=
lt_cv_sys_max_cmd_len=1572864
lt_cv_to_host_file_cmd=func_convert_file_noop
lt_cv_to_tool_file_cmd=func_convert_file_noop
lt_cv_truncate_bin='/usr/bin/dd bs=4096 count=1'
pkg_cv_FREETYPE2_CFLAGS='-I/usr/include/freetype2 -I/usr/include/libpng16'
pkg_cv_FREETYPE2_LIBS=-lfreetype

## ----------------- ##
## Output variables. ##
## ----------------- ##

ACLOCAL='${SHELL} /home/pi/MusicPlayer/libssd1306/missing aclocal-1.16'
AMDEPBACKSLASH='\'
AMDEP_FALSE='#'
AMDEP_TRUE=''
AMTAR='$${TAR-tar}'
AM_BACKSLASH='\'
AM_CFLAGS='-Wall -Wextra -Wno-uninitialized -fPIC -pedantic -std=c11 -D_DEFAULT_SOURCE -D_REENTRANT'
AM_DEFAULT_V='$(AM_DEFAULT_VERBOSITY)'
AM_DEFAULT_VERBOSITY='1'
AM_LDFLAGS=''
AM_V='$(V)'
AR='ar'
AUTOCONF='${SHELL} /home/pi/MusicPlayer/libssd1306/missing autoconf'
AUTOHEADER='${SHELL} /home/pi/MusicPlayer/libssd1306/missing autoheader'
AUTOMAKE='${SHELL} /home/pi/MusicPlayer/libssd1306/missing automake-1.16'
AWK='mawk'
CC='gcc'
CCDEPMODE='depmode=gcc3'
CFLAGS=' -pthread'
CPP='gcc -E'
CPPFLAGS=''
CYGPATH_W='echo'
DEFS='-DHAVE_CONFIG_H'
DEPDIR='.deps'
DLLTOOL='false'
DSYMUTIL=''
DUMPBIN=''
ECHO_C=''
ECHO_N='-n'
ECHO_T=''
EGREP='/usr/bin/grep -E'
EXEEXT=''
FGREP='/usr/bin/grep -F'
FREETYPE2_CFLAGS='-I/usr/include/freetype2 -I/usr/include/libpng16'
FREETYPE2_LIBS='-lfreetype'
GREP='/usr/bin/grep'
HAVE_LIBEV_FALSE='#'
HAVE_LIBEV_TRUE=''
HAVE_UNISTRING_FALSE='#'
HAVE_UNISTRING_TRUE=''
INSTALL_DATA='${INSTALL} -m 644'
INSTALL_PROGRAM='${INSTALL}'
INSTALL_SCRIPT='${INSTALL}'
INSTALL_STRIP_PROGRAM='$(install_sh) -c -s'
LD='/usr/bin/ld'
LDFLAGS=''
LIBEV_CFLAGS=''
LIBEV_LIBS='-lev'
LIBOBJS=''
LIBS='-lpthread '
LIBTOOL='$(SHELL) $(top_builddir)/libtool'
LIPO=''
LN_S='ln -s'
LTLIBOBJS=''
LT_SYS_LIBRARY_PATH=''
MAKEINFO='${SHELL} /home/pi/MusicPlayer/libssd1306/missing makeinfo'
MANIFEST_TOOL=':'
MKDIR_P='/usr/bin/mkdir -p'
NM='/usr/bin/nm -B'
NMEDIT=''
OBJDUMP='objdump'
OBJEXT='o'
OTOOL64=''
OTOOL=''
PACKAGE='libssd1306'
PACKAGE_BUGREPORT='github@stealthylabs.com'
PACKAGE_NAME='libssd1306'
PACKAGE_STRING='libssd1306 0.8'
PACKAGE_TARNAME='libssd1306'
PACKAGE_URL=''
PACKAGE_VERSION='0.8'
PATH_SEPARATOR=':'
PKG_CONFIG='/usr/bin/pkg-config'
PKG_CONFIG_LIBDIR=''
PKG_CONFIG_PATH=''
PTHREAD_CC='gcc'
PTHREAD_CFLAGS='-pthread'
PTHREAD_LIBS='-lpthread'
RANLIB='ranlib'
SED='/usr/bin/sed'
SET_MAKE=''
SHELL='/bin/bash'
STRIP='strip'
UNISTRING_CFLAGS=''
UNISTRING_LIBS='-lunistring'
VERSION='0.8'
ac_ct_AR='ar'
ac_ct_CC='gcc'
ac_ct_DUMPBIN=''
am__EXEEXT_FALSE=''
am__EXEEXT_TRUE='#'
am__fastdepCC_FALSE='#'
am__fastdepCC_TRUE=''
am__include='include'
am__isrc=''
am__leading_dot='.'
am__nodep='_no'
am__quote=''
am__tar='$${TAR-tar} chof - "$$tardir"'
am__untar='$${TAR-tar} xf -'
ax_pthread_config=''
bindir='${exec_prefix}/bin'
build='armv7l-unknown-linux-gnueabihf'
build_alias=''
build_cpu='armv7l'
build_os='linux-gnueabihf'
build_vendor='unknown'
datadir='${datarootdir}'
datarootdir='${prefix}/share'
docdir='${datarootdir}/doc/${PACKAGE_TARNAME}'
dvidir='${docdir}'
exec_prefix='${prefix}'
host='armv7l-unknown-linux-gnueabihf'
host_alias=''
host_cpu='armv7l'
host_os='linux-gnueabihf'
host_vendor='unknown'
htmldir='${docdir}'
includedir='${prefix}/include'
infodir='${datarootdir}/info'
install_sh='${SHELL} /home/pi/MusicPlayer/libssd1306/install-sh'
libdir='${exec_prefix}/lib'
libexecdir='${exec_prefix}/libexec'
localedir='${datarootdir}/locale'
localstatedir='${prefix}/var'
mandir='${datarootdir}/man'
mkdir_p='$(MKDIR_P)'
oldincludedir='/usr/include'
pdfdir='${docdir}'
prefix='/usr/local'
program_transform_name='s,x,x,'
psdir='${docdir}'
runstatedir='${localstatedir}/run'
sbindir='${exec_prefix}/sbin'
sharedstatedir='${prefix}/com'
sysconfdir='${prefix}/etc'
target_alias=''

## ----------- ##
## confdefs.h. ##
## ----------- ##

/* confdefs.h */
#define PACKAGE_NAME "libssd1306"
#define PACKAGE_TARNAME "libssd1306"
#define PACKAGE_VERSION "0.8"
#define PACKAGE_STRING "libssd1306 0.8"
#define PACKAGE_BUGREPORT "github@stealthylabs.com"
#define PACKAGE_URL ""
#define PACKAGE "libssd1306"
#define VERSION "0.8"
#define STDC_HEADERS 1
#define HAVE_SYS_TYPES_H 1
#define HAVE_SYS_STAT_H 1
#define HAVE_STDLIB_H 1
#define HAVE_STRING_H 1
#define HAVE_MEMORY_H 1
#define HAVE_STRINGS_H 1
#define HAVE_INTTYPES_H 1
#define HAVE_STDINT_H 1
#define HAVE_UNISTD_H 1
#define HAVE_DLFCN_H 1
#define LT_OBJDIR ".libs/"
#define HAVE_SYS_WAIT_H 1
#define TIME_WITH_SYS_TIME 1
#define STDC_HEADERS 1
#define HAVE_ERRNO_H 1
#define HAVE_FEATURES_H 1
#define HAVE_FCNTL_H 1
#define HAVE_INTTYPES_H 1
#define HAVE_MATH_H 1
#define HAVE_SYS_IOCTL_H 1
#define HAVE_UNISTD_H 1
#define HAVE_STDIO_H 1
#define HAVE_LINUX_I2C_DEV_H 1
#define HAVE_CTYPE_H 1
#define HAVE_SYS_STAT_H 1
#define HAVE_SYS_TYPES_H 1
#define HAVE_UINTPTR_T 1
#define HAVE_INTPTR_T 1
#define HAVE__BOOL 1
#define HAVE_STDBOOL_H 1
#define HAVE_DECL_STRERROR_R 1
#define HAVE_STRERROR_R 1
#define HAVE_MEMSET 1
#define HAVE_STRDUP 1
#define HAVE_MEMCPY 1
#define HAVE_CALLOC 1
#define HAVE_IOCTL 1
#define HAVE_LOCALTIME_R 1
#define HAVE_PTHREAD_PRIO_INHERIT 1
#define HAVE_PTHREAD 1
#define NDEBUG /**/
#define HAVE_FREETYPE2 1
#define HAVE_EV_H 1
#define HAVE_UNISTR_H 1

configure: exit 0
